<?xml version="1.0" encoding="UTF-8"?>
<testsuite name="Scenario: Consultar Ovo de Pascoa" tests="8" skipped="0" failures="0" errors="0" timestamp="2021-03-16T02:11:19" hostname="DESKTOP-K8CNU04" time="13.024">
  <properties/>
  <testcase name="Given que acesso a Wikipedia em Portugues" classname="Scenario: Consultar Ovo de Pascoa" time="0.0"/>
  <testcase name="When pesquiso por &quot;Ovo de Páscoa&quot;" classname="Scenario: Consultar Ovo de Pascoa" time="0.0"/>
  <testcase name="Then Exibe a expressao &quot;Ovo de Páscoa&quot; no titulo da guia" classname="Scenario: Consultar Ovo de Pascoa" time="0.0"/>
  <testcase name="classMethod" classname="Scenario: Consultar Ovo de Pascoa" time="8.797"/>
  <testcase name="Given que acesso a Wikipedia em Portugues" classname="Scenario: Consultar Ovo de Pascoa" time="0.0"/>
  <testcase name="When pesquiso por &quot;Ovo de Páscoa&quot;" classname="Scenario: Consultar Ovo de Pascoa" time="0.0"/>
  <testcase name="Then Exibe a expressao &quot;Ovo de Páscoa&quot; no titulo da guia" classname="Scenario: Consultar Ovo de Pascoa" time="0.0"/>
  <testcase name="classMethod" classname="Scenario: Consultar Ovo de Pascoa" time="8.871"/>
  <system-out><![CDATA[]]></system-out>
  <system-err><![CDATA[Starting ChromeDriver 88.0.4324.96 (68dba2d8a0b149a1d3afac56fa74648032bcf46b-refs/branch-heads/4324@{#1784}) on port 8998
Only local connections are allowed.
Please see https://chromedriver.chromium.org/security-considerations for suggestions on keeping ChromeDriver safe.
ChromeDriver was started successfully.
[1615860675.376][WARNING]: This version of ChromeDriver has not been tested with Chrome version 89.
Mar 15, 2021 11:11:15 PM org.openqa.selenium.remote.ProtocolHandshake createSession
INFO: Detected dialect: W3C
Starting ChromeDriver 88.0.4324.96 (68dba2d8a0b149a1d3afac56fa74648032bcf46b-refs/branch-heads/4324@{#1784}) on port 47106
Only local connections are allowed.
Please see https://chromedriver.chromium.org/security-considerations for suggestions on keeping ChromeDriver safe.
ChromeDriver was started successfully.
[1615860684.866][WARNING]: This version of ChromeDriver has not been tested with Chrome version 89.
Mar 15, 2021 11:11:24 PM org.openqa.selenium.remote.ProtocolHandshake createSession
INFO: Detected dialect: W3C
]]></system-err>
</testsuite>
